<?xml version="1.0" encoding="UTF-8"?>
<!-- Generated by org.testng.reporters.JUnitXMLReporter -->
<testsuite hostname="DESKTOP-N60QB27" ignored="0" name="Google Test" tests="3" failures="1" timestamp="2022-12-29T01:48:23 IST" time="20.844" errors="0">
  <testcase name="urlTest" time="0.117" classname="allureReports.Test1"/>
  <testcase name="titleTest" time="0.013" classname="allureReports.Test1">
    <failure type="java.lang.AssertionError" message="Failing this test deliberately">
      <![CDATA[java.lang.AssertionError: Failing this test deliberately
at allureReports.Test1.titleTest(Test1.java:39)
at java.util.ArrayList.forEach(ArrayList.java:1257)
... Removed 28 stack frames]]>
    </failure>
  </testcase> <!-- titleTest -->
  <testcase name="skipTest" time="0.003" classname="allureReports.Test1">
    <skipped/>
  </testcase> <!-- skipTest -->
</testsuite> <!-- Google Test -->
